<?xml version="1.0" encoding="UTF-8"?>
<!-- Generated by org.testng.reporters.JUnitXMLReporter -->
<testsuite hostname="Sushma" name="Default test" tests="3" failures="0" timestamp="17 Sep 2016 17:36:15 GMT" time="1.437" errors="0">
  <testcase name="src\com\bhanu\s3.feature" time="1.141" classname="com.cucumber.CucumberTestImpl"/>
  <testcase name="src\com\bhanu\s1.feature" time="0.134" classname="com.cucumber.CucumberTestImpl"/>
  <testcase name="src\com\bhanu\s2.feature" time="0.075" classname="com.cucumber.CucumberTestImpl"/>
</testsuite> <!-- Default test -->
